----------------------------------------
Checking for program 'git'
/usr/bin/git
find program=['git'] paths=['/Users/larsnielsen/.gem/bin', '/Users/larsnielsen/miniconda2/bin', '/usr/local/bin', '/usr/bin', '/bin', '/usr/sbin', '/sbin', '/usr/local/share/dotnet', '/usr/local/go/bin', '/Library/Frameworks/Mono.framework/Versions/Current/Commands', '/Library/TeX/texbin', '/usr/local/go/bin'] var='GIT' -> ['/usr/bin/git']
['/usr/bin/git', 'version']
out: git version 2.10.1 (Apple Git-78)

['/usr/bin/git', 'config', '--get', 'remote.origin.url']
out: git@github.com:looopTools/header_cpp.git

----------------------------------------
Resolve dependency waf-tools
['/usr/bin/git', 'pull']
out: Already up-to-date.

err: From github.com:steinwurf/waf-tools
   423ad5f..d4108c0  use-new-waf -> origin/use-new-waf

['/usr/bin/git', 'tag', '-l']
out: 1.0.0
1.0.1
1.0.2
1.0.3
1.0.4
1.0.5
1.0.6
1.1.0
1.2.0
1.2.1
1.3.0
1.3.1
1.4.0
1.5.0
1.5.1
2.0.0
2.1.0
2.1.1
2.10.0
2.10.1
2.11.0
2.12.0
2.13.0
2.14.0
2.15.0
2.16.0
2.16.1
2.16.2
2.17.0
2.17.1
2.18.0
2.19.0
2.19.1
2.2.0
2.20.0
2.21.0
2.22.0
2.23.0
2.24.0
2.25.0
2.26.0
2.27.0
2.28.0
2.29.0
2.3.0
2.30.0
2.31.0
2.32.0
2.32.1
2.33.0
2.33.1
2.33.2
2.34.0
2.35.0
2.36.0
2.36.1
2.37.0
2.38.0
2.39.0
2.4.0
2.40.0
2.40.1
2.40.2
2.41.0
2.42.0
2.43.0
2.44.0
2.45.0
2.46.0
2.47.0
2.48.0
2.49.0
2.5.0
2.50.0
2.51.0
2.52.0
2.53.0
2.53.1
2.54.0
2.6.0
2.7.0
2.8.0
2.9.0
3.0.0
3.0.1
3.0.2
3.1.0
3.1.1
3.1.2
3.1.3
3.10.0
3.10.1
3.11.0
3.12.0
3.12.1
3.13.0
3.14.0
3.14.1
3.15.0
3.16.0
3.17.0
3.17.1
3.17.2
3.18.0
3.19.0
3.19.1
3.2.0
3.3.0
3.4.0
3.4.1
3.5.0
3.5.1
3.6.0
3.6.1
3.7.0
3.8.0
3.8.1
3.9.0

/Users/larsnielsen/git/header_cpp/bundle_dependencies/waf-tools-ae40a5/3.19.1
----------------------------------------
Resolve dependency gtest
['/usr/bin/git', 'pull']
out: Already up-to-date.

err: From github.com:steinwurf/gtest
   ca9d077..8538e61  use-new-waf -> origin/use-new-waf

['/usr/bin/git', 'tag', '-l']
out: 1.0.3
1.0.4
2.0.0
2.0.1
2.0.2
2.0.3
2.0.4
2.0.5
2.0.6
2.0.7
2.1.0
2.1.1
2.1.2
2.1.3
2.2.0
2.3.0
2.3.1
3.0.0

/Users/larsnielsen/git/header_cpp/bundle_dependencies/gtest-39e104/3.0.0
----------------------------------------
Resolve dependency bitter
['/usr/bin/git', 'pull']
out: Updating c45ee25..ccbee7f
Fast-forward
 NEWS.rst                 |  6 +++++-
 src/bitter/bit_field.hpp |  2 +-
 src/bitter/reader.hpp    |  4 ++--
 test/src/test_reader.cpp | 14 ++++++++++++++
 wscript                  |  2 +-
 5 files changed, 23 insertions(+), 5 deletions(-)

err: From github.com:steinwurf/bitter
   c45ee25..ccbee7f  master     -> origin/master
 * [new tag]         1.1.0      -> 1.1.0

['/usr/bin/git', 'tag', '-l']
out: 1.0.0
1.1.0

['/usr/bin/git', 'clone', '-l', '--no-hardlinks', '/Users/larsnielsen/git/header_cpp/bundle_dependencies/bitter-d0e04e/master', '/Users/larsnielsen/git/header_cpp/bundle_dependencies/bitter-d0e04e/1.1.0']
err: Cloning into '/Users/larsnielsen/git/header_cpp/bundle_dependencies/bitter-d0e04e/1.1.0'...
done.

['/usr/bin/git', 'checkout', '1.1.0']
err: Note: checking out '1.1.0'.

You are in 'detached HEAD' state. You can look around, make experimental
changes and commit them, and you can discard any commits you make in this
state without impacting any branches by performing another checkout.

If you want to create a new branch to retain commits you create, you may
do so (now or later) by using -b with the checkout command again. Example:

  git checkout -b <new-branch-name>

HEAD is now at ccbee7f... Preparing to create tag 1.1.0

/Users/larsnielsen/git/header_cpp/bundle_dependencies/bitter-d0e04e/1.1.0
